<?xml version="1.0" encoding="UTF-8"?>
<testng-results ignored="0" total="1" passed="1" failed="0" skipped="0">
  <reporter-output>
  </reporter-output>
  <suite started-at="2024-04-08T13:20:10Z" name="Default suite" finished-at="2024-04-08T13:21:16Z" duration-ms="66134">
    <groups>
    </groups>
    <test started-at="2024-04-08T13:20:10Z" name="Default test" finished-at="2024-04-08T13:21:16Z" duration-ms="66134">
      <class name="paruVenduTestNG.NG">
        <test-method is-config="true" signature="setUp()[pri:0, instance:paruVenduTestNG.NG@7749bf93]" started-at="2024-04-08T14:20:10Z" name="setUp" finished-at="2024-04-08T14:20:20Z" duration-ms="10096" status="PASS">
          <reporter-output>
          </reporter-output>
        </test-method> <!-- setUp -->
        <test-method signature="navigate()[pri:0, instance:paruVenduTestNG.NG@7749bf93]" started-at="2024-04-08T14:20:20Z" name="navigate" finished-at="2024-04-08T14:21:16Z" duration-ms="55980" status="PASS">
          <reporter-output>
          </reporter-output>
        </test-method> <!-- navigate -->
        <test-method is-config="true" signature="tearDown()[pri:0, instance:paruVenduTestNG.NG@7749bf93]" started-at="2024-04-08T14:21:16Z" name="tearDown" finished-at="2024-04-08T14:21:16Z" duration-ms="3" status="PASS">
          <reporter-output>
          </reporter-output>
        </test-method> <!-- tearDown -->
      </class> <!-- paruVenduTestNG.NG -->
    </test> <!-- Default test -->
  </suite> <!-- Default suite -->
</testng-results>
